<?xml version="1.0" encoding="UTF-8"?>
<!-- Generated by org.testng.reporters.JUnitReportReporter -->
<testsuite hostname="DESKTOP-Q5FUUUI" failures="0" tests="1" name="AbcPackage.Passtest" time="67.927" errors="0" timestamp="2021-09-26T10:11:52 IST" skipped="0">
  <testcase classname="AbcPackage.Passtest" name="Test1" time="67.927"/>
  <system-out/>
</testsuite> <!-- AbcPackage.Passtest -->
