<?xml version="1.0" encoding="UTF-8"?>
<!-- Generated by org.testng.reporters.JUnitReportReporter -->
<testsuite skipped="0" hostname="DESKTOP-Q5FUUUI" name="AbcPackage.Passtest" tests="1" failures="0" timestamp="2021-09-26T09:48:11 IST" time="31.575" errors="0">
  <testcase name="Test1" time="31.575" classname="AbcPackage.Passtest"/>
  <system-out/>
</testsuite> <!-- AbcPackage.Passtest -->
